PID: 7092; TIMESTAMP: 1524817484(null)
C++ RTMP Media Server (www.rtmpd.com) build  - (built on )1524817484:3:..\..\..\sources\crtmpserver\src\crtmpserver.cpp:448:Initialize:C++ RTMP Media Server (www.rtmpd.com) build  - (built on )
1524817484:3:..\..\..\sources\crtmpserver\src\crtmpserver.cpp:451:Initialize:OS files descriptors count limits: 2048/2048
1524817484:3:..\..\..\sources\crtmpserver\src\crtmpserver.cpp:453:Initialize:Initialize I/O handlers manager: select
1524817484:3:..\..\..\sources\crtmpserver\src\crtmpserver.cpp:456:Initialize:Configure modules
1524817484:3:..\..\..\sources\thelib\src\configuration\module.cpp:84:Module::LoadLibraryA:Module F:\66TPFull\投屏通\build\Release\crtmpserver\applications\appselector\appselector.dll loaded
1524817484:3:..\..\..\sources\thelib\src\configuration\module.cpp:84:Module::LoadLibraryA:Module F:\66TPFull\投屏通\build\Release\crtmpserver\applications\meetone\meetone.dll loaded
1524817485:3:..\..\..\sources\thelib\src\configuration\module.cpp:84:Module::LoadLibraryA:Module F:\66TPFull\投屏通\build\Release\crtmpserver\applications\proxypublish\proxypublish.dll loaded
1524817485:3:..\..\..\sources\crtmpserver\src\crtmpserver.cpp:462:Initialize:Plug in the default protocol factory
1524817485:3:..\..\..\sources\crtmpserver\src\crtmpserver.cpp:469:Initialize:Configure factories
1524817485:3:..\..\..\sources\thelib\src\configuration\module.cpp:97:Module::ConfigFactory:Loaded factory from application proxypublish
1524817485:3:..\..\..\sources\crtmpserver\src\crtmpserver.cpp:475:Initialize:Configure acceptors
1524817485:4:..\..\..\sources\thelib\src\netio\select\iohandlermanager.cpp:98:IOHandlerManager::RegisterIOHandler:Handlers count changed: 0->1 IOHT_ACCEPTOR
1524817485:4:..\..\..\sources\thelib\src\netio\select\iohandlermanager.cpp:98:IOHandlerManager::RegisterIOHandler:Handlers count changed: 1->2 IOHT_ACCEPTOR
1524817485:4:..\..\..\sources\thelib\src\netio\select\iohandlermanager.cpp:98:IOHandlerManager::RegisterIOHandler:Handlers count changed: 2->3 IOHT_ACCEPTOR
1524817485:4:..\..\..\sources\thelib\src\netio\select\iohandlermanager.cpp:98:IOHandlerManager::RegisterIOHandler:Handlers count changed: 3->4 IOHT_ACCEPTOR
1524817485:3:..\..\..\sources\crtmpserver\src\crtmpserver.cpp:481:Initialize:Configure instances
1524817485:2:..\..\..\sources\thelib\src\configuration\configfile.cpp:185:ConfigFile::ConfigInstances:Windows doesn't support multiple instances
1524817485:3:..\..\..\sources\crtmpserver\src\crtmpserver.cpp:487:Initialize:Start I/O handlers manager: select
1524817485:3:..\..\..\sources\crtmpserver\src\crtmpserver.cpp:490:Initialize:Configure applications
1524817485:3:..\..\..\sources\thelib\src\configuration\module.cpp:177:Module::ConfigApplication:Application appselector instantiated
1524817485:3:..\..\..\sources\thelib\src\configuration\module.cpp:177:Module::ConfigApplication:Application meetone instantiated
1524817485:2:..\..\..\sources\thelib\src\mediaformats\readers\streammetadataresolver.cpp:174:StreamMetadataResolver::InitializeStorage:Specified metaFolder not found: ./tmp/metadata
1524817485:2:..\..\..\sources\thelib\src\mediaformats\readers\streammetadataresolver.cpp:119:StreamMetadataResolver::Initialize:Storage failed to initialize storage storageRecord
1524817485:4:..\..\..\sources\thelib\src\netio\select\iohandlermanager.cpp:98:IOHandlerManager::RegisterIOHandler:Handlers count changed: 4->5 IOHT_TIMER
1524817485:4:..\..\..\sources\thelib\src\netio\select\iohandlermanager.cpp:98:IOHandlerManager::RegisterIOHandler:Handlers count changed: 5->6 IOHT_TIMER
1524817485:3:..\..\..\sources\thelib\src\configuration\module.cpp:177:Module::ConfigApplication:Application proxypublish instantiated
1524817485:4:..\..\..\sources\thelib\src\netio\select\iohandlermanager.cpp:98:IOHandlerManager::RegisterIOHandler:Handlers count changed: 6->7 IOHT_TIMER
1524817485:3:..\..\..\sources\crtmpserver\src\crtmpserver.cpp:496:Initialize:Install the quit signal
1524817485:3:..\..\..\sources\crtmpserver\src\crtmpserver.cpp:507:Run:\n+-----------------------------------------------------------------------------+\n|                                                                     Services|\n+---+---------------+-----+-------------------------+-------------------------+\n| c |      ip       | port|   protocol stack name   |     application name    |\n+---+---------------+-----+-------------------------+-------------------------+\n|tcp|        0.0.0.0| 1935|              inboundRtmp|              appselector|\n+---+---------------+-----+-------------------------+-------------------------+\n|tcp|        0.0.0.0| 1935|           inboundLiveFlv|                  meetone|\n+---+---------------+-----+-------------------------+-------------------------+\n|tcp|        0.0.0.0| 6665|              inboundRtmp|             proxypublish|\n+---+---------------+-----+-------------------------+-------------------------+\n|tcp|        0.0.0.0| 6666|         httpEchoProtocol|             proxypublish|\n+---+---------------+-----+-------------------------+-------------------------+
1524817485:3:..\..\..\sources\crtmpserver\src\crtmpserver.cpp:508:Run:GO! GO! GO! (7092)
1524817488:4:..\..\..\sources\thelib\src\netio\select\iohandlermanager.cpp:98:IOHandlerManager::RegisterIOHandler:Handlers count changed: 7->8 IOHT_TCP_CARRIER
1524817488:3:..\..\..\sources\thelib\src\netio\select\tcpacceptor.cpp:175:TCPAcceptor::Accept:Inbound connection accepted: (Far: 192.168.137.1:19881; Near: 192.168.137.1:6665) CTCP(760) <-> TCP(4) <-> [IR(5)]
1524817488:6:..\..\..\sources\applications\proxypublish\src\proxypublishapplication.cpp:237:app_proxypublish::ProxyPublishApplication::SignalStreamRegistered:Stay put. We don't forward this kind of streams: NR
1524817488:3:..\..\..\sources\thelib\src\streaming\streamsmanager.cpp:58:StreamsManager::RegisterStream:RegisterStream id: 1, type: NR
1524817488:2:..\..\..\sources\thelib\src\protocols\rtmp\basertmpappprotocolhandler.cpp:1560:BaseRTMPAppProtocolHandler::ProcessInvokeGeneric:Default implementation of ProcessInvokeGeneric: Request: _checkbw
1524817761:0:..\..\..\sources\thelib\src\netio\select\tcpcarrier.cpp:89:TCPCarrier::OnEvent:Unable to read data from connection: (Far: 192.168.137.1:19881; Near: 192.168.137.1:6665) CTCP(760) <-> [TCP(4)] <-> IR(5). Error was (10054): Unknown error
1524817761:4:..\..\..\sources\thelib\src\netio\select\iohandlermanager.cpp:111:IOHandlerManager::UnRegisterIOHandler:Handlers count changed: 8->7 IOHT_TCP_CARRIER
1524817761:3:..\..\..\sources\thelib\src\streaming\streamsmanager.cpp:75:StreamsManager::UnRegisterStream:UnRegisterStream id: 1, type: NR
1524817761:6:..\..\..\sources\thelib\src\application\baseclientapplication.cpp:239:BaseClientApplication::UnRegisterProtocol:Protocol [IR(5)] unregistered from application: proxypublish
1524817761:3:..\..\..\sources\thelib\src\streaming\streamsmanager.cpp:75:StreamsManager::UnRegisterStream:UnRegisterStream id: 1, type: NR
