PID: 3068; TIMESTAMP: 1508829275(null)
C++ RTMP Media Server (www.rtmpd.com) build  - (built on )1508829275:3:..\..\..\sources\crtmpserver\src\crtmpserver.cpp:448:Initialize:C++ RTMP Media Server (www.rtmpd.com) build  - (built on )
1508829275:3:..\..\..\sources\crtmpserver\src\crtmpserver.cpp:451:Initialize:OS files descriptors count limits: 2048/2048
1508829275:3:..\..\..\sources\crtmpserver\src\crtmpserver.cpp:453:Initialize:Initialize I/O handlers manager: select
1508829275:3:..\..\..\sources\crtmpserver\src\crtmpserver.cpp:456:Initialize:Configure modules
1508829275:3:..\..\..\sources\thelib\src\configuration\module.cpp:84:Module::LoadLibraryA:Module D:\project\player_hw_zjy\build\Release\crtmpserver\applications\appselector\appselector.dll loaded
1508829276:3:..\..\..\sources\thelib\src\configuration\module.cpp:84:Module::LoadLibraryA:Module D:\project\player_hw_zjy\build\Release\crtmpserver\applications\meetone\meetone.dll loaded
1508829276:3:..\..\..\sources\thelib\src\configuration\module.cpp:84:Module::LoadLibraryA:Module D:\project\player_hw_zjy\build\Release\crtmpserver\applications\proxypublish\proxypublish.dll loaded
1508829276:3:..\..\..\sources\crtmpserver\src\crtmpserver.cpp:462:Initialize:Plug in the default protocol factory
1508829276:3:..\..\..\sources\crtmpserver\src\crtmpserver.cpp:469:Initialize:Configure factories
1508829276:3:..\..\..\sources\thelib\src\configuration\module.cpp:97:Module::ConfigFactory:Loaded factory from application proxypublish
1508829276:3:..\..\..\sources\crtmpserver\src\crtmpserver.cpp:475:Initialize:Configure acceptors
1508829276:4:..\..\..\sources\thelib\src\netio\select\iohandlermanager.cpp:98:IOHandlerManager::RegisterIOHandler:Handlers count changed: 0->1 IOHT_ACCEPTOR
1508829276:4:..\..\..\sources\thelib\src\netio\select\iohandlermanager.cpp:98:IOHandlerManager::RegisterIOHandler:Handlers count changed: 1->2 IOHT_ACCEPTOR
1508829276:4:..\..\..\sources\thelib\src\netio\select\iohandlermanager.cpp:98:IOHandlerManager::RegisterIOHandler:Handlers count changed: 2->3 IOHT_ACCEPTOR
1508829276:4:..\..\..\sources\thelib\src\netio\select\iohandlermanager.cpp:98:IOHandlerManager::RegisterIOHandler:Handlers count changed: 3->4 IOHT_ACCEPTOR
1508829276:3:..\..\..\sources\crtmpserver\src\crtmpserver.cpp:481:Initialize:Configure instances
1508829276:2:..\..\..\sources\thelib\src\configuration\configfile.cpp:185:ConfigFile::ConfigInstances:Windows doesn't support multiple instances
1508829276:3:..\..\..\sources\crtmpserver\src\crtmpserver.cpp:487:Initialize:Start I/O handlers manager: select
1508829276:3:..\..\..\sources\crtmpserver\src\crtmpserver.cpp:490:Initialize:Configure applications
1508829276:3:..\..\..\sources\thelib\src\configuration\module.cpp:177:Module::ConfigApplication:Application appselector instantiated
1508829276:3:..\..\..\sources\thelib\src\configuration\module.cpp:177:Module::ConfigApplication:Application meetone instantiated
1508829276:2:..\..\..\sources\thelib\src\mediaformats\readers\streammetadataresolver.cpp:174:StreamMetadataResolver::InitializeStorage:Specified metaFolder not found: ./tmp/metadata
1508829276:2:..\..\..\sources\thelib\src\mediaformats\readers\streammetadataresolver.cpp:119:StreamMetadataResolver::Initialize:Storage failed to initialize storage storageRecord
1508829276:4:..\..\..\sources\thelib\src\netio\select\iohandlermanager.cpp:98:IOHandlerManager::RegisterIOHandler:Handlers count changed: 4->5 IOHT_TIMER
1508829276:4:..\..\..\sources\thelib\src\netio\select\iohandlermanager.cpp:98:IOHandlerManager::RegisterIOHandler:Handlers count changed: 5->6 IOHT_TIMER
1508829276:3:..\..\..\sources\thelib\src\configuration\module.cpp:177:Module::ConfigApplication:Application proxypublish instantiated
1508829276:4:..\..\..\sources\thelib\src\netio\select\iohandlermanager.cpp:98:IOHandlerManager::RegisterIOHandler:Handlers count changed: 6->7 IOHT_TIMER
1508829276:3:..\..\..\sources\crtmpserver\src\crtmpserver.cpp:496:Initialize:Install the quit signal
1508829276:3:..\..\..\sources\crtmpserver\src\crtmpserver.cpp:507:Run:\n+-----------------------------------------------------------------------------+\n|                                                                     Services|\n+---+---------------+-----+-------------------------+-------------------------+\n| c |      ip       | port|   protocol stack name   |     application name    |\n+---+---------------+-----+-------------------------+-------------------------+\n|tcp|        0.0.0.0| 1935|              inboundRtmp|              appselector|\n+---+---------------+-----+-------------------------+-------------------------+\n|tcp|        0.0.0.0| 1935|           inboundLiveFlv|                  meetone|\n+---+---------------+-----+-------------------------+-------------------------+\n|tcp|        0.0.0.0| 6665|              inboundRtmp|             proxypublish|\n+---+---------------+-----+-------------------------+-------------------------+\n|tcp|        0.0.0.0| 6666|         httpEchoProtocol|             proxypublish|\n+---+---------------+-----+-------------------------+-------------------------+
1508829276:3:..\..\..\sources\crtmpserver\src\crtmpserver.cpp:508:Run:GO! GO! GO! (3068)
1508829276:4:..\..\..\sources\thelib\src\netio\select\iohandlermanager.cpp:98:IOHandlerManager::RegisterIOHandler:Handlers count changed: 7->8 IOHT_TCP_CARRIER
1508829276:3:..\..\..\sources\thelib\src\netio\select\tcpacceptor.cpp:175:TCPAcceptor::Accept:Inbound connection accepted: (Far: 172.16.11.165:2568; Near: 172.16.11.165:6665) CTCP(888) <-> TCP(4) <-> [IR(5)]
1508829276:6:..\..\..\sources\applications\proxypublish\src\proxypublishapplication.cpp:237:app_proxypublish::ProxyPublishApplication::SignalStreamRegistered:Stay put. We don't forward this kind of streams: NR
1508829276:3:..\..\..\sources\thelib\src\streaming\streamsmanager.cpp:58:StreamsManager::RegisterStream:RegisterStream id: 1, type: NR
1508829276:2:..\..\..\sources\thelib\src\protocols\rtmp\basertmpappprotocolhandler.cpp:1560:BaseRTMPAppProtocolHandler::ProcessInvokeGeneric:Default implementation of ProcessInvokeGeneric: Request: _checkbw
